Copyright 1986-1999, 2001-2013 Xilinx, Inc. All Rights Reserved.
---------------------------------------------------------------------------------------------------------------------------
| Tool Version     : Vivado v.2013.3 (win64) Build 329390 Wed Oct 16 18:37:02 MDT 2013
| Date             : Fri Aug 28 11:35:01 2015
| Host             : ALWSDAQ69 running 64-bit Service Pack 1  (build 7601)
| Command          : report_power -file red_pitaya_top_power_routed.rpt -pb red_pitaya_top_power_summary_routed.pb
| Design           : red_pitaya_top
| Device           : xc7z010clg400-1
| Design State     : Routed
| Grade            : commercial
| Process          : typical
| Characterization : Production
---------------------------------------------------------------------------------------------------------------------------

Power Report

Table of Contents
-----------------
1. Summary
1.1 On-Chip Components
1.2 Power Supply Summary
1.3 Confidence Level
2. Settings
2.1 Environment
2.2 Clock Constraints
3. Detailed Reports
3.1 By Hierarchy

1. Summary
----------

+--------------------------+-------+
| Total On-Chip Power (W)  | 1.544 |
| Dynamic (W)              | 1.415 |
| Device Static (W)        | 0.128 |
| Total Off-Chip Power (W) | 0.076 |
| Effective TJA (C/W)      | 11.5  |
| Max Ambient (C)          | 67.2  |
| Junction Temperature (C) | 42.8  |
| Confidence Level         | Low   |
| Setting File             | ---   |
| Simulation Activity File | ---   |
| Design Nets Matched      | NA    |
+--------------------------+-------+


1.1 On-Chip Components
----------------------

+----------------+-----------+----------+-----------+-----------------+
| On-Chip        | Power (W) | Used     | Available | Utilization (%) |
+----------------+-----------+----------+-----------+-----------------+
| Clocks         |     0.028 |        7 |       --- |             --- |
| Slice Logic    |     0.022 |     9598 |       --- |             --- |
|   LUT as Logic |     0.020 |     4606 |     17600 |           26.17 |
|   CARRY4       |     0.001 |      286 |      4400 |            6.50 |
|   Register     |    <0.001 |     3363 |     35200 |            9.55 |
|   F7/F8 Muxes  |    <0.001 |      197 |     17600 |            1.12 |
|   Others       |     0.000 |      253 |       --- |             --- |
| Signals        |     0.032 |     7855 |       --- |             --- |
| PLL            |     0.101 |        1 |         2 |           50.00 |
| DSPs           |     0.026 |       25 |        80 |           31.25 |
| I/O            |     0.177 |       97 |       100 |           97.00 |
| XADC           |     0.002 |        1 |       --- |             --- |
| PS7            |     1.027 |        1 |       --- |             --- |
| Static Power   |     0.128 |          |           |                 |
| Total          |     1.544 |          |           |                 |
+----------------+-----------+----------+-----------+-----------------+


1.2 Power Supply Summary
------------------------

+-----------+-------------+-----------+-------------+------------+
| Source    | Voltage (V) | Total (A) | Dynamic (A) | Static (A) |
+-----------+-------------+-----------+-------------+------------+
| Vccint    |       1.000 |     0.126 |       0.120 |      0.007 |
| Vccaux    |       1.800 |     0.079 |       0.068 |      0.012 |
| Vcco33    |       3.300 |     0.039 |       0.038 |      0.001 |
| Vcco25    |       2.500 |     0.000 |       0.000 |      0.000 |
| Vcco18    |       1.800 |     0.020 |       0.019 |      0.001 |
| Vcco15    |       1.500 |     0.000 |       0.000 |      0.000 |
| Vcco135   |       1.350 |     0.000 |       0.000 |      0.000 |
| Vcco12    |       1.200 |     0.000 |       0.000 |      0.000 |
| Vccaux_io |       1.800 |     0.000 |       0.000 |      0.000 |
| Vccbram   |       1.000 |     0.000 |       0.000 |      0.000 |
| MGTAVcc   |       1.000 |     0.000 |       0.000 |      0.000 |
| MGTAVtt   |       1.200 |     0.000 |       0.000 |      0.000 |
| MGTVccaux |       1.800 |     0.000 |       0.000 |      0.000 |
| Vccpint   |       1.000 |     0.364 |       0.336 |      0.028 |
| Vccpaux   |       1.800 |     0.030 |       0.020 |      0.010 |
| Vccpll    |       1.800 |     0.116 |       0.113 |      0.003 |
| Vcco_ddr  |       1.500 |     0.338 |       0.336 |      0.002 |
| Vcco_mio0 |       1.800 |     0.003 |       0.002 |      0.001 |
| Vcco_mio1 |       1.800 |     0.004 |       0.003 |      0.001 |
| Vccadc    |       1.800 |     0.021 |       0.001 |      0.020 |
+-----------+-------------+-----------+-------------+------------+


1.3 Confidence Level
--------------------

+-----------------------------+------------+--------------------------------------------------------+--------------------------------------------------------------------------------------------------------------------+
| User Input Data             | Confidence | Details                                                | Action                                                                                                             |
+-----------------------------+------------+--------------------------------------------------------+--------------------------------------------------------------------------------------------------------------------+
| Design implementation state | High       | Design is completely routed                            |                                                                                                                    |
| Clock nodes activity        | Low        | User specified less than 75% of clocks                 | Provide missing clock activity with a constraint file, simulation results or by editing the "By Clock Domain" view |
| I/O nodes activity          | Low        | More than 75% of inputs are missing user specification | Provide missing input activity with simulation results or by editing the "By Resource Type -> I/Os" view           |
| Internal nodes activity     | Medium     | User specified less than 25% of internal nodes         | Provide missing internal nodes activity with simulation results or by editing the "By Resource Type" views         |
| Device models               | High       | Device models are Production                           |                                                                                                                    |
|                             |            |                                                        |                                                                                                                    |
| Overall confidence level    | Low        |                                                        |                                                                                                                    |
+-----------------------------+------------+--------------------------------------------------------+--------------------------------------------------------------------------------------------------------------------+


2. Settings
-----------

2.1 Environment
---------------

+-----------------------+------------------------+
| Ambient Temp (C)      | 25.0                   |
| ThetaJA (C/W)         | 11.5                   |
| Airflow (LFM)         | 250                    |
| Heat Sink             | none                   |
| ThetaSA (C/W)         | 0.0                    |
| Board Selection       | medium (10"x10")       |
| # of Board Layers     | 8to11 (8 to 11 Layers) |
| Board Temperature (C) | 25.0                   |
+-----------------------+------------------------+


2.2 Clock Constraints
---------------------

+--------------+-------------------------------------------------------------------------+-----------------+
| Clock        | Domain                                                                  | Constraint (ns) |
+--------------+-------------------------------------------------------------------------+-----------------+
| adc_clk      | adc_clk_p_i                                                             |             8.0 |
| rx_clk       | daisy_p_i[1]                                                            |             4.0 |
| dac_2clk_out | i_analog/dac_2clk_out                                                   |             8.0 |
| dac_2ph_out  | i_analog/dac_2ph_out                                                    |             8.0 |
| dac_clk_fb   | i_analog/dac_clk_fb                                                     |             8.0 |
| dac_clk_out  | i_analog/dac_clk_out                                                    |             8.0 |
| clk_fpga_0   | i_ps/system_i/system_i/processing_system7_0/inst/FCLK_CLK_unbuffered[0] |             8.0 |
+--------------+-------------------------------------------------------------------------+-----------------+


3. Detailed Reports
-------------------

3.1 By Hierarchy
----------------

+------------------------------+-----------+
| Name                         | Power (W) |
+------------------------------+-----------+
| red_pitaya_top               |     1.415 |
|   exp_iobuf[0].i_iobufn      |    <0.001 |
|   exp_iobuf[0].i_iobufp      |    <0.001 |
|   exp_iobuf[1].i_iobufn      |    <0.001 |
|   exp_iobuf[1].i_iobufp      |    <0.001 |
|   exp_iobuf[2].i_iobufn      |    <0.001 |
|   exp_iobuf[2].i_iobufp      |    <0.001 |
|   exp_iobuf[3].i_iobufn      |    <0.001 |
|   exp_iobuf[3].i_iobufp      |    <0.001 |
|   exp_iobuf[4].i_iobufn      |    <0.001 |
|   exp_iobuf[4].i_iobufp      |    <0.001 |
|   exp_iobuf[5].i_iobufn      |    <0.001 |
|   exp_iobuf[5].i_iobufp      |    <0.001 |
|   exp_iobuf[6].i_iobufn      |    <0.001 |
|   exp_iobuf[6].i_iobufp      |    <0.001 |
|   exp_iobuf[7].i_iobufn      |    <0.001 |
|   exp_iobuf[7].i_iobufp      |    <0.001 |
|   i_ams                      |     0.001 |
|     i_bridge                 |    <0.001 |
|   i_analog                   |     0.116 |
|   i_daisy                    |     0.027 |
|     i_OBUF_clk               |     0.021 |
|     i_OBUF_dat               |     0.005 |
|   i_hk                       |     0.001 |
|   i_pid                      |     0.092 |
|     i_bridge                 |    <0.001 |
|     i_pid11                  |     0.012 |
|     i_pid12                  |     0.012 |
|     i_pid21                  |     0.012 |
|     i_pid22                  |     0.012 |
|     i_pidAA                  |     0.010 |
|     i_pidCC                  |     0.010 |
|     i_pidDD                  |     0.010 |
|     s_dac_a                  |     0.001 |
|     s_dac_b                  |    <0.001 |
|     s_dac_c                  |     0.001 |
|     s_dac_d                  |     0.001 |
|   i_ps                       |     1.029 |
|     i_gp0_slave              |     0.002 |
|     system_i                 |     1.027 |
|       system_i               |     1.027 |
|         processing_system7_0 |     1.027 |
|           inst               |     1.027 |
+------------------------------+-----------+


